<?xml version="1.0" encoding="UTF-8"?>
<testng-results skipped="0" failed="0" ignored="0" total="1" passed="1">
  <reporter-output>
  </reporter-output>
  <suite name="Default suite" duration-ms="37377" started-at="2021-01-20T03:41:20Z" finished-at="2021-01-20T03:41:57Z">
    <groups>
    </groups>
    <test name="Default test" duration-ms="37377" started-at="2021-01-20T03:41:20Z" finished-at="2021-01-20T03:41:57Z">
      <class name="com.crm.qa.testcases.TestAddProductToCart">
        <test-method status="PASS" signature="setUp()[pri:0, instance:com.crm.qa.testcases.TestAddProductToCart@7a69b07]" name="setUp" is-config="true" duration-ms="8554" started-at="2021-01-20T09:11:20Z" finished-at="2021-01-20T09:11:28Z">
          <reporter-output>
          </reporter-output>
        </test-method> <!-- setUp -->
        <test-method status="PASS" signature="addProductToCart()[pri:0, instance:com.crm.qa.testcases.TestAddProductToCart@7a69b07]" name="addProductToCart" duration-ms="27634" started-at="2021-01-20T09:11:28Z" finished-at="2021-01-20T09:11:56Z">
          <reporter-output>
          </reporter-output>
        </test-method> <!-- addProductToCart -->
        <test-method status="PASS" signature="endTest()[pri:0, instance:com.crm.qa.testcases.TestAddProductToCart@7a69b07]" name="endTest" is-config="true" duration-ms="1157" started-at="2021-01-20T09:11:56Z" finished-at="2021-01-20T09:11:57Z">
          <reporter-output>
          </reporter-output>
        </test-method> <!-- endTest -->
      </class> <!-- com.crm.qa.testcases.TestAddProductToCart -->
    </test> <!-- Default test -->
  </suite> <!-- Default suite -->
</testng-results>
